<?xml version="1.0" encoding="UTF-8"?>
<testng-results ignored="0" total="1" passed="1" failed="0" skipped="0">
  <reporter-output>
  </reporter-output>
  <suite started-at="2026-03-26T11:54:17 IST" name="Default suite" finished-at="2026-03-26T11:54:27 IST" duration-ms="9369">
    <groups>
    </groups>
    <test started-at="2026-03-26T11:54:17 IST" name="Default test" finished-at="2026-03-26T11:54:27 IST" duration-ms="9369">
      <class name="com.api.tests.ForgotPassowrdTest">
        <test-method signature="forgotPassowrdTest()[pri:0, instance:com.api.tests.ForgotPassowrdTest@327c7bea]" started-at="2026-03-26T11:54:17 IST" name="forgotPassowrdTest" description="Verify if forgot password  API is working..." finished-at="2026-03-26T11:54:27 IST" duration-ms="9125" status="PASS">
          <reporter-output>
          </reporter-output>
        </test-method> <!-- forgotPassowrdTest -->
      </class> <!-- com.api.tests.ForgotPassowrdTest -->
    </test> <!-- Default test -->
  </suite> <!-- Default suite -->
</testng-results>
